<?xml version="1.0" encoding="UTF-8" ?>
<testsuite failures="0" time="4.665" errors="0" skipped="0" tests="8" name="org.opencastproject.ingest.endpoint.IngestRestServiceTest">
  <properties>
[...]
</properties>
  <testcase time="3.183" classname="org.opencastproject.ingest.endpoint.IngestRestServiceTest" name="testCreateMediaPackage"/>
  <testcase time="0.019" classname="org.opencastproject.ingest.endpoint.IngestRestServiceTest" name="testAddMediaPackageTrack"/>
  <testcase time="0.028" classname="org.opencastproject.ingest.endpoint.IngestRestServiceTest" name="testAddMediaPackageCatalog"/>
  <testcase time="0.021" classname="org.opencastproject.ingest.endpoint.IngestRestServiceTest" name="testAddMediaPackageAttachment"/>
  <testcase time="0.057" classname="org.opencastproject.ingest.endpoint.IngestRestServiceTest" name="testAddMediaPackageAttachmentFromRequest"/>
  <testcase time="0.017" classname="org.opencastproject.ingest.endpoint.IngestRestServiceTest" name="testAddMediaPackageCatalogFromRequest"/>
  <testcase time="0.016" classname="org.opencastproject.ingest.endpoint.IngestRestServiceTest" name="testAddMediaPackageTrackFromRequest"/>
  <testcase time="1.316" classname="org.opencastproject.ingest.endpoint.IngestRestServiceTest" name="testUploadJobPersistence"/>
</testsuite>